2017-03-21 14:39:23 - Refreshing org.springframework.context.annotation.AnnotationConfigApplicationContext@41c2284a: startup date [Tue Mar 21 14:39:23 CET 2017]; root of context hierarchy
2017-03-21 14:39:23 - JSR-330 'javax.inject.Inject' annotation found and supported for autowiring
2017-03-21 14:39:23 - Bean 'configurationPropertiesRebinderAutoConfiguration' of type [org.springframework.cloud.autoconfigure.ConfigurationPropertiesRebinderAutoConfiguration$$EnhancerBySpringCGLIB$$c57c2ca5] is not eligible for getting processed by all BeanPostProcessors (for example: not eligible for auto-proxying)
2017-03-21 14:39:24 - Refreshing org.springframework.boot.context.embedded.AnnotationConfigEmbeddedWebApplicationContext@6d8792db: startup date [Tue Mar 21 14:39:24 CET 2017]; parent: org.springframework.context.annotation.AnnotationConfigApplicationContext@41c2284a
2017-03-21 14:39:25 - Overriding bean definition for bean 'methodSecurityInterceptor' with a different definition: replacing [Root bean: class [null]; scope=; abstract=false; lazyInit=false; autowireMode=3; dependencyCheck=0; autowireCandidate=true; primary=false; factoryBeanName=methodSecurityConfig; factoryMethodName=methodSecurityInterceptor; initMethodName=null; destroyMethodName=(inferred); defined in class path resource [pl/java/scalatech/config/approach2/MethodSecurityConfig.class]] with [Root bean: class [null]; scope=; abstract=false; lazyInit=false; autowireMode=3; dependencyCheck=0; autowireCandidate=true; primary=false; factoryBeanName=org.springframework.security.config.annotation.method.configuration.GlobalMethodSecurityConfiguration; factoryMethodName=methodSecurityInterceptor; initMethodName=null; destroyMethodName=(inferred); defined in class path resource [org/springframework/security/config/annotation/method/configuration/GlobalMethodSecurityConfiguration.class]]
2017-03-21 14:39:25 - Overriding bean definition for bean 'methodSecurityMetadataSource' with a different definition: replacing [Root bean: class [null]; scope=; abstract=false; lazyInit=false; autowireMode=3; dependencyCheck=0; autowireCandidate=true; primary=false; factoryBeanName=methodSecurityConfig; factoryMethodName=methodSecurityMetadataSource; initMethodName=null; destroyMethodName=(inferred); defined in class path resource [pl/java/scalatech/config/approach2/MethodSecurityConfig.class]] with [Root bean: class [null]; scope=; abstract=false; lazyInit=false; autowireMode=3; dependencyCheck=0; autowireCandidate=true; primary=false; factoryBeanName=org.springframework.security.config.annotation.method.configuration.GlobalMethodSecurityConfiguration; factoryMethodName=methodSecurityMetadataSource; initMethodName=null; destroyMethodName=(inferred); defined in class path resource [org/springframework/security/config/annotation/method/configuration/GlobalMethodSecurityConfiguration.class]]
2017-03-21 14:39:25 - Overriding bean definition for bean 'preInvocationAuthorizationAdvice' with a different definition: replacing [Root bean: class [null]; scope=; abstract=false; lazyInit=false; autowireMode=3; dependencyCheck=0; autowireCandidate=true; primary=false; factoryBeanName=methodSecurityConfig; factoryMethodName=preInvocationAuthorizationAdvice; initMethodName=null; destroyMethodName=(inferred); defined in class path resource [pl/java/scalatech/config/approach2/MethodSecurityConfig.class]] with [Root bean: class [null]; scope=; abstract=false; lazyInit=false; autowireMode=3; dependencyCheck=0; autowireCandidate=true; primary=false; factoryBeanName=org.springframework.security.config.annotation.method.configuration.GlobalMethodSecurityConfiguration; factoryMethodName=preInvocationAuthorizationAdvice; initMethodName=null; destroyMethodName=(inferred); defined in class path resource [org/springframework/security/config/annotation/method/configuration/GlobalMethodSecurityConfiguration.class]]
2017-03-21 14:39:26 - Overriding bean definition for bean 'hystrixFeature' with a different definition: replacing [Root bean: class [null]; scope=; abstract=false; lazyInit=false; autowireMode=3; dependencyCheck=0; autowireCandidate=true; primary=false; factoryBeanName=org.springframework.cloud.netflix.hystrix.HystrixCircuitBreakerConfiguration$HystrixWebConfiguration; factoryMethodName=hystrixFeature; initMethodName=null; destroyMethodName=(inferred); defined in class path resource [org/springframework/cloud/netflix/hystrix/HystrixCircuitBreakerConfiguration$HystrixWebConfiguration.class]] with [Root bean: class [null]; scope=; abstract=false; lazyInit=false; autowireMode=3; dependencyCheck=0; autowireCandidate=true; primary=false; factoryBeanName=org.springframework.cloud.netflix.hystrix.HystrixCircuitBreakerConfiguration; factoryMethodName=hystrixFeature; initMethodName=null; destroyMethodName=(inferred); defined in class path resource [org/springframework/cloud/netflix/hystrix/HystrixCircuitBreakerConfiguration.class]]
2017-03-21 14:39:26 - Overriding bean definition for bean 'scopedTarget.oauth2ClientContext' with a different definition: replacing [Root bean: class [null]; scope=session; abstract=false; lazyInit=false; autowireMode=3; dependencyCheck=0; autowireCandidate=false; primary=false; factoryBeanName=org.springframework.security.oauth2.config.annotation.web.configuration.OAuth2ClientConfiguration$OAuth2ClientContextConfiguration; factoryMethodName=oauth2ClientContext; initMethodName=null; destroyMethodName=(inferred); defined in class path resource [org/springframework/security/oauth2/config/annotation/web/configuration/OAuth2ClientConfiguration$OAuth2ClientContextConfiguration.class]] with [Root bean: class [null]; scope=session; abstract=false; lazyInit=false; autowireMode=3; dependencyCheck=0; autowireCandidate=false; primary=false; factoryBeanName=org.springframework.boot.autoconfigure.security.oauth2.client.OAuth2RestOperationsConfiguration$SessionScopedConfiguration$ClientContextConfiguration; factoryMethodName=oauth2ClientContext; initMethodName=null; destroyMethodName=(inferred); defined in class path resource [org/springframework/boot/autoconfigure/security/oauth2/client/OAuth2RestOperationsConfiguration$SessionScopedConfiguration$ClientContextConfiguration.class]]
2017-03-21 14:39:26 - Overriding bean definition for bean 'httpRequestHandlerAdapter' with a different definition: replacing [Root bean: class [null]; scope=; abstract=false; lazyInit=false; autowireMode=3; dependencyCheck=0; autowireCandidate=true; primary=false; factoryBeanName=org.springframework.boot.autoconfigure.web.WebMvcAutoConfiguration$EnableWebMvcConfiguration; factoryMethodName=httpRequestHandlerAdapter; initMethodName=null; destroyMethodName=(inferred); defined in class path resource [org/springframework/boot/autoconfigure/web/WebMvcAutoConfiguration$EnableWebMvcConfiguration.class]] with [Root bean: class [null]; scope=; abstract=false; lazyInit=false; autowireMode=3; dependencyCheck=0; autowireCandidate=true; primary=false; factoryBeanName=org.springframework.data.rest.webmvc.config.RepositoryRestMvcConfiguration; factoryMethodName=httpRequestHandlerAdapter; initMethodName=null; destroyMethodName=(inferred); defined in class path resource [org/springframework/data/rest/webmvc/config/RepositoryRestMvcConfiguration.class]]
2017-03-21 14:39:26 - Overriding bean definition for bean 'managementServletContext' with a different definition: replacing [Root bean: class [null]; scope=; abstract=false; lazyInit=false; autowireMode=3; dependencyCheck=0; autowireCandidate=true; primary=false; factoryBeanName=org.springframework.boot.actuate.autoconfigure.EndpointWebMvcHypermediaManagementContextConfiguration; factoryMethodName=managementServletContext; initMethodName=null; destroyMethodName=(inferred); defined in class path resource [org/springframework/boot/actuate/autoconfigure/EndpointWebMvcHypermediaManagementContextConfiguration.class]] with [Root bean: class [null]; scope=; abstract=false; lazyInit=false; autowireMode=3; dependencyCheck=0; autowireCandidate=true; primary=false; factoryBeanName=org.springframework.boot.actuate.autoconfigure.EndpointWebMvcAutoConfiguration; factoryMethodName=managementServletContext; initMethodName=null; destroyMethodName=(inferred); defined in class path resource [org/springframework/boot/actuate/autoconfigure/EndpointWebMvcAutoConfiguration.class]]
2017-03-21 14:39:26 - Cannot enhance @Configuration bean definition 'refreshScope' since its singleton instance has been created too early. The typical cause is a non-static @Bean method with a BeanDefinitionRegistryPostProcessor return type: Consider declaring such methods as 'static'.
2017-03-21 14:39:27 - BeanFactory id=97621db4-19be-3f9e-b48e-59a718904e6a
2017-03-21 14:39:27 - JSR-330 'javax.inject.Inject' annotation found and supported for autowiring
2017-03-21 14:39:27 - Bean 'org.springframework.cloud.sleuth.instrument.async.AsyncDefaultAutoConfiguration$DefaultAsyncConfigurerSupport' of type [org.springframework.cloud.sleuth.instrument.async.AsyncDefaultAutoConfiguration$DefaultAsyncConfigurerSupport$$EnhancerBySpringCGLIB$$e6a3c76b] is not eligible for getting processed by all BeanPostProcessors (for example: not eligible for auto-proxying)
2017-03-21 14:39:27 - Bean 'org.springframework.transaction.annotation.ProxyTransactionManagementConfiguration' of type [org.springframework.transaction.annotation.ProxyTransactionManagementConfiguration$$EnhancerBySpringCGLIB$$a96229a8] is not eligible for getting processed by all BeanPostProcessors (for example: not eligible for auto-proxying)
2017-03-21 14:39:28 - Bean 'org.springframework.security.config.annotation.configuration.ObjectPostProcessorConfiguration' of type [org.springframework.security.config.annotation.configuration.ObjectPostProcessorConfiguration$$EnhancerBySpringCGLIB$$420ff1e2] is not eligible for getting processed by all BeanPostProcessors (for example: not eligible for auto-proxying)
2017-03-21 14:39:28 - Bean 'objectPostProcessor' of type [org.springframework.security.config.annotation.configuration.AutowireBeanFactoryObjectPostProcessor] is not eligible for getting processed by all BeanPostProcessors (for example: not eligible for auto-proxying)
2017-03-21 14:39:28 - Bean 'org.springframework.security.access.expression.method.DefaultMethodSecurityExpressionHandler@62cbc478' of type [org.springframework.security.oauth2.provider.expression.OAuth2MethodSecurityExpressionHandler] is not eligible for getting processed by all BeanPostProcessors (for example: not eligible for auto-proxying)
2017-03-21 14:39:28 - Bean 'org.springframework.security.config.annotation.method.configuration.GlobalMethodSecurityConfiguration' of type [org.springframework.security.config.annotation.method.configuration.GlobalMethodSecurityConfiguration$$EnhancerBySpringCGLIB$$66e49494] is not eligible for getting processed by all BeanPostProcessors (for example: not eligible for auto-proxying)
2017-03-21 14:39:28 - Bean 'methodSecurityMetadataSource' of type [org.springframework.security.access.method.DelegatingMethodSecurityMetadataSource] is not eligible for getting processed by all BeanPostProcessors (for example: not eligible for auto-proxying)
2017-03-21 14:39:28 - Bean 'security.oauth2.client-org.springframework.boot.autoconfigure.security.oauth2.OAuth2ClientProperties' of type [org.springframework.boot.autoconfigure.security.oauth2.OAuth2ClientProperties] is not eligible for getting processed by all BeanPostProcessors (for example: not eligible for auto-proxying)
2017-03-21 14:39:28 - Bean 'org.springframework.boot.autoconfigure.security.oauth2.OAuth2AutoConfiguration' of type [org.springframework.boot.autoconfigure.security.oauth2.OAuth2AutoConfiguration$$EnhancerBySpringCGLIB$$60abe5a8] is not eligible for getting processed by all BeanPostProcessors (for example: not eligible for auto-proxying)
2017-03-21 14:39:28 - Bean 'resourceServerProperties' of type [org.springframework.boot.autoconfigure.security.oauth2.resource.ResourceServerProperties] is not eligible for getting processed by all BeanPostProcessors (for example: not eligible for auto-proxying)
2017-03-21 14:39:28 - Bean 'org.springframework.cloud.autoconfigure.ConfigurationPropertiesRebinderAutoConfiguration' of type [org.springframework.cloud.autoconfigure.ConfigurationPropertiesRebinderAutoConfiguration$$EnhancerBySpringCGLIB$$c57c2ca5] is not eligible for getting processed by all BeanPostProcessors (for example: not eligible for auto-proxying)
2017-03-21 14:39:28 - Bean 'org.springframework.cloud.sleuth.instrument.web.TraceWebAutoConfiguration' of type [org.springframework.cloud.sleuth.instrument.web.TraceWebAutoConfiguration$$EnhancerBySpringCGLIB$$a6a7a875] is not eligible for getting processed by all BeanPostProcessors (for example: not eligible for auto-proxying)
2017-03-21 14:39:28 - Bean 'org.springframework.cloud.sleuth.instrument.zuul.TraceZuulAutoConfiguration' of type [org.springframework.cloud.sleuth.instrument.zuul.TraceZuulAutoConfiguration$$EnhancerBySpringCGLIB$$e8633f43] is not eligible for getting processed by all BeanPostProcessors (for example: not eligible for auto-proxying)
2017-03-21 14:39:29 - Tomcat initialized with port(s): 9001 (http)
2017-03-21 14:39:29 - Starting service Tomcat
2017-03-21 14:39:29 - Starting Servlet Engine: Apache Tomcat/8.5.11
2017-03-21 14:39:29 - Initializing Spring embedded WebApplicationContext
2017-03-21 14:39:29 - Root WebApplicationContext: initialization completed in 5452 ms
2017-03-21 14:39:32 - No URLs will be polled as dynamic configuration sources.
2017-03-21 14:39:32 - To enable URLs as dynamic configuration sources, define System property archaius.configurationSource.additionalUrls or make config.properties available on classpath.
2017-03-21 14:39:32 - DynamicPropertyFactory is initialized with configuration sources: com.netflix.config.ConcurrentCompositeConfiguration@1cbcf2b4
2017-03-21 14:39:34 - Mapping filter: 'metricsFilter' to: [/*]
2017-03-21 14:39:34 - Mapping filter: 'characterEncodingFilter' to: [/*]
2017-03-21 14:39:34 - Mapping filter: 'traceFilter' to: [/*]
2017-03-21 14:39:34 - Mapping filter: 'hiddenHttpMethodFilter' to: [/*]
2017-03-21 14:39:34 - Mapping filter: 'httpPutFormContentFilter' to: [/*]
2017-03-21 14:39:34 - Mapping filter: 'OAuth2ClientContextFilter' to: [/*]
2017-03-21 14:39:34 - Mapping filter: 'requestContextFilter' to: [/*]
2017-03-21 14:39:34 - Mapping filter: 'springSecurityFilterChain' to: [/*]
2017-03-21 14:39:34 - Mapping filter: 'webRequestLoggingFilter' to: [/*]
2017-03-21 14:39:34 - Mapping filter: 'applicationContextIdFilter' to: [/*]
2017-03-21 14:39:34 - Mapping servlet: 'zuulServlet' to [/zuul/*]
2017-03-21 14:39:34 - Mapping servlet: 'dispatcherServlet' to [/]
2017-03-21 14:39:34 - Mapping servlet: 'webServlet' to [/h2-console/*]
2017-03-21 14:39:34 - Starting filter initializer context listener
2017-03-21 14:39:35 - Executing SQL script from URL [file:/home/s.borowiec/projects/uaa/GatewayAPI/build/resources/main/schema.sql]
2017-03-21 14:39:35 - Executed SQL script from URL [file:/home/s.borowiec/projects/uaa/GatewayAPI/build/resources/main/schema.sql] in 47 ms.
2017-03-21 14:39:35 - Building JPA container EntityManagerFactory for persistence unit 'default'
2017-03-21 14:39:35 - HHH000204: Processing PersistenceUnitInfo [
	name: default
	...]
2017-03-21 14:39:35 - HHH000412: Hibernate Core {5.0.12.Final}
2017-03-21 14:39:35 - HHH000206: hibernate.properties not found
2017-03-21 14:39:35 - HHH000021: Bytecode provider name : javassist
2017-03-21 14:39:35 - HCANN000001: Hibernate Commons Annotations {5.0.1.Final}
2017-03-21 14:39:36 - HHH000400: Using dialect: org.hibernate.dialect.H2Dialect
2017-03-21 14:39:36 - HHH000227: Running hbm2ddl schema export
2017-03-21 14:39:36 - HHH000230: Schema export complete
2017-03-21 14:39:36 - Initialized JPA EntityManagerFactory for persistence unit 'default'
2017-03-21 14:39:39 - jolokia: No access restrictor found, access to any MBean is allowed
2017-03-21 14:39:40 - The @ConfigurationProperties bean class pl.java.scalatech.sample.generator.GeneratorSetting contains validation constraints but had not been annotated with @Validated.
2017-03-21 14:39:40 - The @ConfigurationProperties bean class pl.java.scalatech.sample.generator.GeneratorSetting contains validation constraints but had not been annotated with @Validated.
2017-03-21 14:39:40 - The @ConfigurationProperties bean class pl.java.scalatech.sample.generator.GeneratorSetting contains validation constraints but had not been annotated with @Validated.
2017-03-21 14:39:41 - Mapped "{[/oauth/authorize]}" onto public org.springframework.web.servlet.ModelAndView org.springframework.security.oauth2.provider.endpoint.AuthorizationEndpoint.authorize(java.util.Map<java.lang.String, java.lang.Object>,java.util.Map<java.lang.String, java.lang.String>,org.springframework.web.bind.support.SessionStatus,java.security.Principal)
2017-03-21 14:39:41 - Mapped "{[/oauth/authorize],methods=[POST],params=[user_oauth_approval]}" onto public org.springframework.web.servlet.View org.springframework.security.oauth2.provider.endpoint.AuthorizationEndpoint.approveOrDeny(java.util.Map<java.lang.String, java.lang.String>,java.util.Map<java.lang.String, ?>,org.springframework.web.bind.support.SessionStatus,java.security.Principal)
2017-03-21 14:39:41 - Mapped "{[/oauth/token],methods=[GET]}" onto public org.springframework.http.ResponseEntity<org.springframework.security.oauth2.common.OAuth2AccessToken> org.springframework.security.oauth2.provider.endpoint.TokenEndpoint.getAccessToken(java.security.Principal,java.util.Map<java.lang.String, java.lang.String>) throws org.springframework.web.HttpRequestMethodNotSupportedException
2017-03-21 14:39:41 - Mapped "{[/oauth/token],methods=[POST]}" onto public org.springframework.http.ResponseEntity<org.springframework.security.oauth2.common.OAuth2AccessToken> org.springframework.security.oauth2.provider.endpoint.TokenEndpoint.postAccessToken(java.security.Principal,java.util.Map<java.lang.String, java.lang.String>) throws org.springframework.web.HttpRequestMethodNotSupportedException
2017-03-21 14:39:41 - Mapped "{[/oauth/check_token]}" onto public java.util.Map<java.lang.String, ?> org.springframework.security.oauth2.provider.endpoint.CheckTokenEndpoint.checkToken(java.lang.String)
2017-03-21 14:39:41 - Mapped "{[/oauth/confirm_access]}" onto public org.springframework.web.servlet.ModelAndView org.springframework.security.oauth2.provider.endpoint.WhitelabelApprovalEndpoint.getAccessConfirmation(java.util.Map<java.lang.String, java.lang.Object>,javax.servlet.http.HttpServletRequest) throws java.lang.Exception
2017-03-21 14:39:41 - Mapped "{[/oauth/error]}" onto public org.springframework.web.servlet.ModelAndView org.springframework.security.oauth2.provider.endpoint.WhitelabelErrorEndpoint.handleError(javax.servlet.http.HttpServletRequest)
2017-03-21 14:39:42 - Creating filter chain: Ant [pattern='/h2-console/**'], []
2017-03-21 14:39:42 - Creating filter chain: OrRequestMatcher [requestMatchers=[Ant [pattern='/oauth/token'], Ant [pattern='/oauth/token_key'], Ant [pattern='/oauth/check_token']]], [org.springframework.security.web.context.request.async.WebAsyncManagerIntegrationFilter@91115f9, org.springframework.security.web.context.SecurityContextPersistenceFilter@25745731, org.springframework.security.web.header.HeaderWriterFilter@51fe7c9f, org.springframework.security.web.authentication.logout.LogoutFilter@25c5ec8c, org.springframework.security.web.authentication.www.BasicAuthenticationFilter@5c0f4e94, org.springframework.security.web.savedrequest.RequestCacheAwareFilter@53692479, org.springframework.security.web.servletapi.SecurityContextHolderAwareRequestFilter@52cf8bcb, org.springframework.security.web.authentication.AnonymousAuthenticationFilter@1ccb535f, org.springframework.security.web.session.SessionManagementFilter@5cfb20d0, org.springframework.security.web.access.ExceptionTranslationFilter@f48e9fb, org.springframework.security.web.access.intercept.FilterSecurityInterceptor@1fd66db2]
2017-03-21 14:39:42 - Creating filter chain: org.springframework.security.web.util.matcher.AnyRequestMatcher@1, [org.springframework.security.web.context.request.async.WebAsyncManagerIntegrationFilter@68f027a, org.springframework.security.web.context.SecurityContextPersistenceFilter@611e919b, org.springframework.security.web.header.HeaderWriterFilter@32d44570, org.springframework.security.web.csrf.CsrfFilter@55a3119a, org.springframework.security.web.authentication.logout.LogoutFilter@69f8cec8, org.springframework.security.web.authentication.UsernamePasswordAuthenticationFilter@f0c3808, org.springframework.security.web.authentication.ui.DefaultLoginPageGeneratingFilter@3b5dd166, org.springframework.security.web.authentication.www.BasicAuthenticationFilter@f3e3cb1, org.springframework.security.web.savedrequest.RequestCacheAwareFilter@3d54a384, org.springframework.security.web.servletapi.SecurityContextHolderAwareRequestFilter@780ef01e, org.springframework.security.web.authentication.AnonymousAuthenticationFilter@4ed2dced, org.springframework.security.web.session.SessionManagementFilter@5b192531, org.springframework.security.web.access.ExceptionTranslationFilter@623d3fd, org.springframework.security.web.access.intercept.FilterSecurityInterceptor@371ca1a9]
2017-03-21 14:39:42 - Creating filter chain: Ant [pattern='/h2-console/**'], [org.springframework.security.web.context.request.async.WebAsyncManagerIntegrationFilter@1cd3b4c8, org.springframework.security.web.context.SecurityContextPersistenceFilter@2a60598d, org.springframework.security.web.header.HeaderWriterFilter@43ee6274, org.springframework.security.web.authentication.logout.LogoutFilter@182f15b4, org.springframework.security.web.authentication.www.BasicAuthenticationFilter@30ab9b0d, org.springframework.security.web.savedrequest.RequestCacheAwareFilter@1ac03d59, org.springframework.security.web.servletapi.SecurityContextHolderAwareRequestFilter@2a0d11b7, org.springframework.security.web.authentication.AnonymousAuthenticationFilter@36572fad, org.springframework.security.web.session.SessionManagementFilter@62da1943, org.springframework.security.web.access.ExceptionTranslationFilter@49df39e9, org.springframework.security.web.access.intercept.FilterSecurityInterceptor@65a5d53a]
2017-03-21 14:39:42 - Creating filter chain: org.springframework.boot.actuate.autoconfigure.ManagementWebSecurityAutoConfiguration$LazyEndpointPathRequestMatcher@1984d4ff, [org.springframework.security.web.context.request.async.WebAsyncManagerIntegrationFilter@4fda6d64, org.springframework.security.web.context.SecurityContextPersistenceFilter@3f7c623a, org.springframework.security.web.header.HeaderWriterFilter@47ae0650, org.springframework.security.web.authentication.logout.LogoutFilter@26088886, org.springframework.security.web.authentication.www.BasicAuthenticationFilter@20d3d22d, org.springframework.security.web.savedrequest.RequestCacheAwareFilter@1db9a962, org.springframework.security.web.servletapi.SecurityContextHolderAwareRequestFilter@2a12b003, org.springframework.security.web.authentication.AnonymousAuthenticationFilter@1e4a341, org.springframework.security.web.session.SessionManagementFilter@46494bec, org.springframework.security.web.access.ExceptionTranslationFilter@7cbbcb9c, org.springframework.security.web.access.intercept.FilterSecurityInterceptor@118bff69]
2017-03-21 14:39:42 - Creating filter chain: org.springframework.security.oauth2.config.annotation.web.configuration.ResourceServerConfiguration$NotOAuthRequestMatcher@3575b06b, [org.springframework.security.web.context.request.async.WebAsyncManagerIntegrationFilter@19372b0b, org.springframework.security.web.context.SecurityContextPersistenceFilter@512bb06d, org.springframework.security.web.header.HeaderWriterFilter@64cf5139, org.springframework.security.web.authentication.logout.LogoutFilter@46a42b5b, org.springframework.security.oauth2.provider.authentication.OAuth2AuthenticationProcessingFilter@4eb36dce, org.springframework.security.web.savedrequest.RequestCacheAwareFilter@3cb2f9c9, org.springframework.security.web.servletapi.SecurityContextHolderAwareRequestFilter@22ea31ff, org.springframework.security.web.authentication.AnonymousAuthenticationFilter@2b6a79f, org.springframework.security.web.session.SessionManagementFilter@26c84c5d, org.springframework.security.web.access.ExceptionTranslationFilter@214987b6, org.springframework.security.web.access.intercept.FilterSecurityInterceptor@4287bd46]
2017-03-21 14:39:43 - Looking for @ControllerAdvice: org.springframework.boot.context.embedded.AnnotationConfigEmbeddedWebApplicationContext@6d8792db: startup date [Tue Mar 21 14:39:24 CET 2017]; parent: org.springframework.context.annotation.AnnotationConfigApplicationContext@41c2284a
2017-03-21 14:39:43 - Detected ResponseBodyAdvice bean in org.springframework.boot.actuate.autoconfigure.EndpointWebMvcHypermediaManagementContextConfiguration$ActuatorEndpointLinksAdvice
2017-03-21 14:39:43 - Mapped "{[/api/car/],methods=[GET]}" onto java.util.List<pl.java.scalatech.sample.domain.Car> pl.java.scalatech.sample.controller.CarController.getAll()
2017-03-21 14:39:43 - Mapped "{[/api/car/name/{name}],methods=[GET]}" onto java.util.List<pl.java.scalatech.sample.domain.Car> pl.java.scalatech.sample.controller.CarController.findByName(java.lang.String)
2017-03-21 14:39:43 - Mapped "{[/api/car/{id}],methods=[GET]}" onto pl.java.scalatech.sample.domain.Car pl.java.scalatech.sample.controller.CarController.getById(java.lang.Long)
2017-03-21 14:39:43 - Mapped "{[/api/car/color/{color}],methods=[GET]}" onto java.util.List<pl.java.scalatech.sample.domain.Car> pl.java.scalatech.sample.controller.CarController.findByColor(java.lang.String)
2017-03-21 14:39:43 - Mapped "{[/api/user/],methods=[GET]}" onto java.util.List<pl.java.scalatech.sample.domain.Person> pl.java.scalatech.sample.controller.PersonController.getAll()
2017-03-21 14:39:43 - Mapped "{[/api/user/{id}],methods=[GET]}" onto pl.java.scalatech.sample.domain.Person pl.java.scalatech.sample.controller.PersonController.getPersonById(java.lang.Long)
2017-03-21 14:39:43 - Mapped "{[/oauth/error],methods=[GET]}" onto public java.lang.String pl.java.scalatech.web.AuthController.handleError(java.util.Map<java.lang.String, java.lang.Object>) throws java.lang.Exception
2017-03-21 14:39:43 - Mapped "{[/oauth/confirm_access],methods=[GET]}" onto public java.lang.String pl.java.scalatech.web.AuthController.getAccessConfirmation(java.util.Map<java.lang.String, java.lang.Object>,java.security.Principal) throws java.lang.Exception
2017-03-21 14:39:43 - Mapped "{[/oauth2/userOauth],methods=[GET],produces=[application/json]}" onto java.util.Map<java.lang.String, java.lang.Object> pl.java.scalatech.web.AuthHelpController.user(org.springframework.security.oauth2.provider.OAuth2Authentication)
2017-03-21 14:39:43 - Mapped "{[/oauth2/user],methods=[GET]}" onto public java.security.Principal pl.java.scalatech.web.AuthHelpController.user(java.security.Principal)
2017-03-21 14:39:43 - Mapped "{[/oauth2/client/{clientId}],methods=[GET]}" onto org.springframework.security.oauth2.provider.ClientDetails pl.java.scalatech.web.AuthHelpController.client(java.lang.String)
2017-03-21 14:39:43 - Mapped "{[/oauth2/info],methods=[GET]}" onto java.lang.String pl.java.scalatech.web.AuthHelpController.info()
2017-03-21 14:39:43 - Mapped "{[/oauth2/details],methods=[GET]}" onto java.lang.Object pl.java.scalatech.web.AuthHelpController.details(org.springframework.security.oauth2.provider.OAuth2Authentication)
2017-03-21 14:39:43 - Mapped "{[/oauth2/clientToken],methods=[GET]}" onto org.springframework.security.oauth2.common.OAuth2AccessToken pl.java.scalatech.web.AuthHelpController.clientToken()
2017-03-21 14:39:43 - Mapped "{[/oauth2/user2],methods=[GET]}" onto public java.lang.Object pl.java.scalatech.web.AuthHelpController.user2(java.security.Principal)
2017-03-21 14:39:43 - Mapped "{[/oauth2/show_token],methods=[GET]}" onto java.lang.String pl.java.scalatech.web.AuthHelpController.authCode() throws java.lang.Exception
2017-03-21 14:39:43 - Mapped "{[/service-instances/{applicationName}]}" onto java.util.List<org.springframework.cloud.client.ServiceInstance> pl.java.scalatech.web.EurekaClientController.serviceInstancesByApplicationName(java.lang.String)
2017-03-21 14:39:43 - Mapped "{[/greeting]}" onto public java.lang.String pl.java.scalatech.web.GreetingController.greeting(java.lang.String,org.springframework.ui.Model)
2017-03-21 14:39:43 - Mapped "{[/secured/write],methods=[GET]}" onto public java.lang.String pl.java.scalatech.web.GreetingsController.write(org.springframework.security.core.Authentication)
2017-03-21 14:39:43 - Mapped "{[/secured/read],methods=[GET]}" onto public java.lang.String pl.java.scalatech.web.GreetingsController.read(org.springframework.security.core.Authentication)
2017-03-21 14:39:43 - Mapped "{[/clientUser]}" onto java.lang.String pl.java.scalatech.web.OAuthTestController.home()
2017-03-21 14:39:43 - Mapped "{[/clientCar],methods=[GET]}" onto pl.java.scalatech.sample.domain.Car pl.java.scalatech.web.OAuthTestController.clientCar()
2017-03-21 14:39:43 - Mapped "{[/clientoAuth],methods=[GET]}" onto java.lang.String pl.java.scalatech.web.OAuthTestController.hello(org.springframework.security.oauth2.provider.OAuth2Authentication)
2017-03-21 14:39:43 - Mapped "{[/response],methods=[GET]}" onto java.lang.String pl.java.scalatech.web.ResponseController.response()
2017-03-21 14:39:43 - Mapped "{[/response],methods=[GET],params=[code]}" onto java.lang.String pl.java.scalatech.web.ResponseController.responseCode(java.lang.String)
2017-03-21 14:39:43 - Mapped "{[/oauth2/revoke-token],methods=[GET]}" onto public org.springframework.http.ResponseEntity<?> pl.java.scalatech.web.RevokeToken.logout(javax.servlet.http.HttpServletRequest)
2017-03-21 14:39:43 - Mapped "{[/oauth2/user3],methods=[GET],produces=[application/json]}" onto public java.util.Map<java.lang.String, java.lang.Object> pl.java.scalatech.web.SimpleController.user(org.springframework.security.oauth2.provider.OAuth2Authentication)
2017-03-21 14:39:43 - Mapped "{[/oauth2],methods=[GET]}" onto java.util.List<java.lang.String> pl.java.scalatech.web.SimpleController.test()
2017-03-21 14:39:43 - Mapped "{[/oauth2/hi],methods=[GET]}" onto public java.util.Map<java.lang.String, java.lang.Object> pl.java.scalatech.web.SimpleController.hi(java.security.Principal)
2017-03-21 14:39:43 - Mapped "{[/secure/user/{userId}]}" onto public org.springframework.security.core.userdetails.UserDetails pl.java.scalatech.web.UserInfoResource.getUserDetails(java.lang.String)
2017-03-21 14:39:43 - Mapped "{[/error]}" onto public org.springframework.http.ResponseEntity<java.util.Map<java.lang.String, java.lang.Object>> org.springframework.boot.autoconfigure.web.BasicErrorController.error(javax.servlet.http.HttpServletRequest)
2017-03-21 14:39:43 - Mapped "{[/error],produces=[text/html]}" onto public org.springframework.web.servlet.ModelAndView org.springframework.boot.autoconfigure.web.BasicErrorController.errorHtml(javax.servlet.http.HttpServletRequest,javax.servlet.http.HttpServletResponse)
2017-03-21 14:39:43 - Mapped URL path [/webjars/**] onto handler of type [class org.springframework.web.servlet.resource.ResourceHttpRequestHandler]
2017-03-21 14:39:43 - Mapped URL path [/**] onto handler of type [class org.springframework.web.servlet.resource.ResourceHttpRequestHandler]
2017-03-21 14:39:43 - Mapped URL path [/browser/**] onto handler of type [class org.springframework.web.servlet.resource.ResourceHttpRequestHandler]
2017-03-21 14:39:43 - Mapped URL path [/docs/**] onto handler of type [class org.springframework.web.servlet.resource.ResourceHttpRequestHandler]
2017-03-21 14:39:43 - Mapped URL path [/actuator/] onto handler of type [class org.springframework.web.servlet.resource.ResourceHttpRequestHandler]
2017-03-21 14:39:43 - Mapped URL path [/actuator/**] onto handler of type [class org.springframework.web.servlet.resource.ResourceHttpRequestHandler]
2017-03-21 14:39:43 - Detected @ExceptionHandler methods in repositoryRestExceptionHandler
2017-03-21 14:39:43 - Detected ResponseBodyAdvice implementation in org.springframework.boot.actuate.autoconfigure.EndpointWebMvcHypermediaManagementContextConfiguration$ActuatorEndpointLinksAdvice
2017-03-21 14:39:44 - Mapped URL path [/**/favicon.ico] onto handler of type [class org.springframework.web.servlet.resource.ResourceHttpRequestHandler]
2017-03-21 14:39:44 - Adding welcome page: class path resource [static/index.html]
2017-03-21 14:39:45 - Initializing ExecutorService  'registrationTaskScheduler'
2017-03-21 14:39:46 - Looking for @ControllerAdvice: org.springframework.boot.context.embedded.AnnotationConfigEmbeddedWebApplicationContext@6d8792db: startup date [Tue Mar 21 14:39:24 CET 2017]; parent: org.springframework.context.annotation.AnnotationConfigApplicationContext@41c2284a
2017-03-21 14:39:46 - Detected ResponseBodyAdvice bean in org.springframework.boot.actuate.autoconfigure.EndpointWebMvcHypermediaManagementContextConfiguration$ActuatorEndpointLinksAdvice
2017-03-21 14:39:46 - Mapped "{[/{repository}/{id}/{property}],methods=[GET],produces=[application/hal+json || application/json]}" onto public org.springframework.http.ResponseEntity<org.springframework.hateoas.ResourceSupport> org.springframework.data.rest.webmvc.RepositoryPropertyReferenceController.followPropertyReference(org.springframework.data.rest.webmvc.RootResourceInformation,java.io.Serializable,java.lang.String,org.springframework.data.rest.webmvc.PersistentEntityResourceAssembler) throws java.lang.Exception
2017-03-21 14:39:46 - Mapped "{[/{repository}/{id}/{property}/{propertyId}],methods=[GET],produces=[application/hal+json || application/json]}" onto public org.springframework.http.ResponseEntity<org.springframework.hateoas.ResourceSupport> org.springframework.data.rest.webmvc.RepositoryPropertyReferenceController.followPropertyReference(org.springframework.data.rest.webmvc.RootResourceInformation,java.io.Serializable,java.lang.String,java.lang.String,org.springframework.data.rest.webmvc.PersistentEntityResourceAssembler) throws java.lang.Exception
2017-03-21 14:39:46 - Mapped "{[/{repository}/{id}/{property}],methods=[DELETE],produces=[application/hal+json || application/json]}" onto public org.springframework.http.ResponseEntity<? extends org.springframework.hateoas.ResourceSupport> org.springframework.data.rest.webmvc.RepositoryPropertyReferenceController.deletePropertyReference(org.springframework.data.rest.webmvc.RootResourceInformation,java.io.Serializable,java.lang.String) throws java.lang.Exception
2017-03-21 14:39:46 - Mapped "{[/{repository}/{id}/{property}],methods=[GET],produces=[application/x-spring-data-compact+json || text/uri-list]}" onto public org.springframework.http.ResponseEntity<org.springframework.hateoas.ResourceSupport> org.springframework.data.rest.webmvc.RepositoryPropertyReferenceController.followPropertyReferenceCompact(org.springframework.data.rest.webmvc.RootResourceInformation,java.io.Serializable,java.lang.String,org.springframework.data.rest.webmvc.PersistentEntityResourceAssembler) throws java.lang.Exception
2017-03-21 14:39:46 - Mapped "{[/{repository}/{id}/{property}],methods=[PATCH || PUT || POST],consumes=[application/json || application/x-spring-data-compact+json || text/uri-list],produces=[application/hal+json || application/json]}" onto public org.springframework.http.ResponseEntity<? extends org.springframework.hateoas.ResourceSupport> org.springframework.data.rest.webmvc.RepositoryPropertyReferenceController.createPropertyReference(org.springframework.data.rest.webmvc.RootResourceInformation,org.springframework.http.HttpMethod,org.springframework.hateoas.Resources<java.lang.Object>,java.io.Serializable,java.lang.String) throws java.lang.Exception
2017-03-21 14:39:46 - Mapped "{[/{repository}/{id}/{property}/{propertyId}],methods=[DELETE],produces=[application/hal+json || application/json]}" onto public org.springframework.http.ResponseEntity<org.springframework.hateoas.ResourceSupport> org.springframework.data.rest.webmvc.RepositoryPropertyReferenceController.deletePropertyReferenceId(org.springframework.data.rest.webmvc.RootResourceInformation,java.io.Serializable,java.lang.String,java.lang.String) throws java.lang.Exception
2017-03-21 14:39:46 - Mapped "{[/{repository}/search/{search}],methods=[GET],produces=[application/x-spring-data-compact+json]}" onto public org.springframework.hateoas.ResourceSupport org.springframework.data.rest.webmvc.RepositorySearchController.executeSearchCompact(org.springframework.data.rest.webmvc.RootResourceInformation,org.springframework.http.HttpHeaders,org.springframework.util.MultiValueMap<java.lang.String, java.lang.Object>,java.lang.String,java.lang.String,org.springframework.data.rest.webmvc.support.DefaultedPageable,org.springframework.data.domain.Sort,org.springframework.data.rest.webmvc.PersistentEntityResourceAssembler)
2017-03-21 14:39:46 - Mapped "{[/{repository}/search/{search}],methods=[OPTIONS],produces=[application/hal+json || application/json]}" onto public org.springframework.http.ResponseEntity<java.lang.Object> org.springframework.data.rest.webmvc.RepositorySearchController.optionsForSearch(org.springframework.data.rest.webmvc.RootResourceInformation,java.lang.String)
2017-03-21 14:39:46 - Mapped "{[/{repository}/search/{search}],methods=[HEAD],produces=[application/hal+json || application/json]}" onto public org.springframework.http.ResponseEntity<java.lang.Object> org.springframework.data.rest.webmvc.RepositorySearchController.headForSearch(org.springframework.data.rest.webmvc.RootResourceInformation,java.lang.String)
2017-03-21 14:39:46 - Mapped "{[/{repository}/search],methods=[OPTIONS],produces=[application/hal+json || application/json]}" onto public org.springframework.http.HttpEntity<?> org.springframework.data.rest.webmvc.RepositorySearchController.optionsForSearches(org.springframework.data.rest.webmvc.RootResourceInformation)
2017-03-21 14:39:46 - Mapped "{[/{repository}/search],methods=[HEAD],produces=[application/hal+json || application/json]}" onto public org.springframework.http.HttpEntity<?> org.springframework.data.rest.webmvc.RepositorySearchController.headForSearches(org.springframework.data.rest.webmvc.RootResourceInformation)
2017-03-21 14:39:46 - Mapped "{[/{repository}/search],methods=[GET],produces=[application/hal+json || application/json]}" onto public org.springframework.data.rest.webmvc.RepositorySearchesResource org.springframework.data.rest.webmvc.RepositorySearchController.listSearches(org.springframework.data.rest.webmvc.RootResourceInformation)
2017-03-21 14:39:46 - Mapped "{[/{repository}/search/{search}],methods=[GET],produces=[application/hal+json || application/json]}" onto public org.springframework.http.ResponseEntity<?> org.springframework.data.rest.webmvc.RepositorySearchController.executeSearch(org.springframework.data.rest.webmvc.RootResourceInformation,org.springframework.util.MultiValueMap<java.lang.String, java.lang.Object>,java.lang.String,org.springframework.data.rest.webmvc.support.DefaultedPageable,org.springframework.data.domain.Sort,org.springframework.data.rest.webmvc.PersistentEntityResourceAssembler,org.springframework.http.HttpHeaders)
2017-03-21 14:39:46 - Mapped "{[/ || ],methods=[OPTIONS],produces=[application/hal+json || application/json]}" onto public org.springframework.http.HttpEntity<?> org.springframework.data.rest.webmvc.RepositoryController.optionsForRepositories()
2017-03-21 14:39:46 - Mapped "{[/ || ],methods=[HEAD],produces=[application/hal+json || application/json]}" onto public org.springframework.http.ResponseEntity<?> org.springframework.data.rest.webmvc.RepositoryController.headForRepositories()
2017-03-21 14:39:46 - Mapped "{[/ || ],methods=[GET],produces=[application/hal+json || application/json]}" onto public org.springframework.http.HttpEntity<org.springframework.data.rest.webmvc.RepositoryLinksResource> org.springframework.data.rest.webmvc.RepositoryController.listRepositories()
2017-03-21 14:39:46 - Mapped "{[/{repository}],methods=[OPTIONS],produces=[application/hal+json || application/json]}" onto public org.springframework.http.ResponseEntity<?> org.springframework.data.rest.webmvc.RepositoryEntityController.optionsForCollectionResource(org.springframework.data.rest.webmvc.RootResourceInformation)
2017-03-21 14:39:46 - Mapped "{[/{repository}],methods=[HEAD],produces=[application/hal+json || application/json]}" onto public org.springframework.http.ResponseEntity<?> org.springframework.data.rest.webmvc.RepositoryEntityController.headCollectionResource(org.springframework.data.rest.webmvc.RootResourceInformation,org.springframework.data.rest.webmvc.support.DefaultedPageable) throws org.springframework.web.HttpRequestMethodNotSupportedException
2017-03-21 14:39:46 - Mapped "{[/{repository}],methods=[GET],produces=[application/hal+json || application/json]}" onto public org.springframework.hateoas.Resources<?> org.springframework.data.rest.webmvc.RepositoryEntityController.getCollectionResource(org.springframework.data.rest.webmvc.RootResourceInformation,org.springframework.data.rest.webmvc.support.DefaultedPageable,org.springframework.data.domain.Sort,org.springframework.data.rest.webmvc.PersistentEntityResourceAssembler) throws org.springframework.data.rest.webmvc.ResourceNotFoundException,org.springframework.web.HttpRequestMethodNotSupportedException
2017-03-21 14:39:46 - Mapped "{[/{repository}],methods=[GET],produces=[application/x-spring-data-compact+json || text/uri-list]}" onto public org.springframework.hateoas.Resources<?> org.springframework.data.rest.webmvc.RepositoryEntityController.getCollectionResourceCompact(org.springframework.data.rest.webmvc.RootResourceInformation,org.springframework.data.rest.webmvc.support.DefaultedPageable,org.springframework.data.domain.Sort,org.springframework.data.rest.webmvc.PersistentEntityResourceAssembler) throws org.springframework.data.rest.webmvc.ResourceNotFoundException,org.springframework.web.HttpRequestMethodNotSupportedException
2017-03-21 14:39:46 - Mapped "{[/{repository}],methods=[POST],produces=[application/hal+json || application/json]}" onto public org.springframework.http.ResponseEntity<org.springframework.hateoas.ResourceSupport> org.springframework.data.rest.webmvc.RepositoryEntityController.postCollectionResource(org.springframework.data.rest.webmvc.RootResourceInformation,org.springframework.data.rest.webmvc.PersistentEntityResource,org.springframework.data.rest.webmvc.PersistentEntityResourceAssembler,java.lang.String) throws org.springframework.web.HttpRequestMethodNotSupportedException
2017-03-21 14:39:46 - Mapped "{[/{repository}/{id}],methods=[OPTIONS],produces=[application/hal+json || application/json]}" onto public org.springframework.http.ResponseEntity<?> org.springframework.data.rest.webmvc.RepositoryEntityController.optionsForItemResource(org.springframework.data.rest.webmvc.RootResourceInformation)
2017-03-21 14:39:46 - Mapped "{[/{repository}/{id}],methods=[HEAD],produces=[application/hal+json || application/json]}" onto public org.springframework.http.ResponseEntity<?> org.springframework.data.rest.webmvc.RepositoryEntityController.headForItemResource(org.springframework.data.rest.webmvc.RootResourceInformation,java.io.Serializable,org.springframework.data.rest.webmvc.PersistentEntityResourceAssembler) throws org.springframework.web.HttpRequestMethodNotSupportedException
2017-03-21 14:39:46 - Mapped "{[/{repository}/{id}],methods=[GET],produces=[application/hal+json || application/json]}" onto public org.springframework.http.ResponseEntity<org.springframework.hateoas.Resource<?>> org.springframework.data.rest.webmvc.RepositoryEntityController.getItemResource(org.springframework.data.rest.webmvc.RootResourceInformation,java.io.Serializable,org.springframework.data.rest.webmvc.PersistentEntityResourceAssembler,org.springframework.http.HttpHeaders) throws org.springframework.web.HttpRequestMethodNotSupportedException
2017-03-21 14:39:46 - Mapped "{[/{repository}/{id}],methods=[PUT],produces=[application/hal+json || application/json]}" onto public org.springframework.http.ResponseEntity<? extends org.springframework.hateoas.ResourceSupport> org.springframework.data.rest.webmvc.RepositoryEntityController.putItemResource(org.springframework.data.rest.webmvc.RootResourceInformation,org.springframework.data.rest.webmvc.PersistentEntityResource,java.io.Serializable,org.springframework.data.rest.webmvc.PersistentEntityResourceAssembler,org.springframework.data.rest.webmvc.support.ETag,java.lang.String) throws org.springframework.web.HttpRequestMethodNotSupportedException
2017-03-21 14:39:46 - Mapped "{[/{repository}/{id}],methods=[PATCH],produces=[application/hal+json || application/json]}" onto public org.springframework.http.ResponseEntity<org.springframework.hateoas.ResourceSupport> org.springframework.data.rest.webmvc.RepositoryEntityController.patchItemResource(org.springframework.data.rest.webmvc.RootResourceInformation,org.springframework.data.rest.webmvc.PersistentEntityResource,java.io.Serializable,org.springframework.data.rest.webmvc.PersistentEntityResourceAssembler,org.springframework.data.rest.webmvc.support.ETag,java.lang.String) throws org.springframework.web.HttpRequestMethodNotSupportedException,org.springframework.data.rest.webmvc.ResourceNotFoundException
2017-03-21 14:39:46 - Mapped "{[/{repository}/{id}],methods=[DELETE],produces=[application/hal+json || application/json]}" onto public org.springframework.http.ResponseEntity<?> org.springframework.data.rest.webmvc.RepositoryEntityController.deleteItemResource(org.springframework.data.rest.webmvc.RootResourceInformation,java.io.Serializable,org.springframework.data.rest.webmvc.support.ETag) throws org.springframework.data.rest.webmvc.ResourceNotFoundException,org.springframework.web.HttpRequestMethodNotSupportedException
2017-03-21 14:39:46 - Mapped "{[/ || ],methods=[GET],produces=[text/html]}" onto public org.springframework.web.servlet.View org.springframework.data.rest.webmvc.halbrowser.HalBrowser.index(javax.servlet.http.HttpServletRequest)
2017-03-21 14:39:46 - Mapped "{[/browser],methods=[GET]}" onto public org.springframework.web.servlet.View org.springframework.data.rest.webmvc.halbrowser.HalBrowser.browser(javax.servlet.http.HttpServletRequest)
2017-03-21 14:39:46 - Mapped "{[/profile],methods=[GET]}" onto org.springframework.http.HttpEntity<org.springframework.hateoas.ResourceSupport> org.springframework.data.rest.webmvc.ProfileController.listAllFormsOfMetadata()
2017-03-21 14:39:46 - Mapped "{[/profile],methods=[OPTIONS]}" onto public org.springframework.http.HttpEntity<?> org.springframework.data.rest.webmvc.ProfileController.profileOptions()
2017-03-21 14:39:46 - Mapped "{[/profile/{repository}],methods=[GET],produces=[application/schema+json]}" onto public org.springframework.http.HttpEntity<org.springframework.data.rest.webmvc.json.JsonSchema> org.springframework.data.rest.webmvc.RepositorySchemaController.schema(org.springframework.data.rest.webmvc.RootResourceInformation)
2017-03-21 14:39:46 - Mapped "{[/profile/{repository}],methods=[GET],produces=[application/alps+json || */*]}" onto org.springframework.http.HttpEntity<org.springframework.data.rest.webmvc.RootResourceInformation> org.springframework.data.rest.webmvc.alps.AlpsController.descriptor(org.springframework.data.rest.webmvc.RootResourceInformation)
2017-03-21 14:39:46 - Mapped "{[/profile/{repository}],methods=[OPTIONS],produces=[application/alps+json]}" onto org.springframework.http.HttpEntity<?> org.springframework.data.rest.webmvc.alps.AlpsController.alpsOptions()
2017-03-21 14:39:46 - Mapped "{[/docs],produces=[text/html]}" onto public java.lang.String org.springframework.boot.actuate.endpoint.mvc.DocsMvcEndpoint.redirect()
2017-03-21 14:39:46 - Mapped "{[/docs/],produces=[text/html]}" onto public java.lang.String org.springframework.boot.actuate.endpoint.mvc.DocsMvcEndpoint.browse()
2017-03-21 14:39:46 - Mapped "{[/autoconfig || /autoconfig.json],methods=[GET],produces=[application/vnd.spring-boot.actuator.v1+json || application/json]}" onto public java.lang.Object org.springframework.boot.actuate.endpoint.mvc.EndpointMvcAdapter.invoke()
2017-03-21 14:39:46 - Mapped "{[/loggers/{name:.*}],methods=[GET],produces=[application/vnd.spring-boot.actuator.v1+json || application/json]}" onto public java.lang.Object org.springframework.boot.actuate.endpoint.mvc.LoggersMvcEndpoint.get(java.lang.String)
2017-03-21 14:39:46 - Mapped "{[/loggers/{name:.*}],methods=[POST],consumes=[application/vnd.spring-boot.actuator.v1+json || application/json],produces=[application/vnd.spring-boot.actuator.v1+json || application/json]}" onto public java.lang.Object org.springframework.boot.actuate.endpoint.mvc.LoggersMvcEndpoint.set(java.lang.String,java.util.Map<java.lang.String, java.lang.String>)
2017-03-21 14:39:46 - Mapped "{[/loggers || /loggers.json],methods=[GET],produces=[application/vnd.spring-boot.actuator.v1+json || application/json]}" onto public java.lang.Object org.springframework.boot.actuate.endpoint.mvc.EndpointMvcAdapter.invoke()
2017-03-21 14:39:46 - Mapped "{[/resume || /resume.json],methods=[POST]}" onto public java.lang.Object org.springframework.cloud.endpoint.GenericPostableMvcEndpoint.invoke()
2017-03-21 14:39:46 - Mapped "{[/beans || /beans.json],methods=[GET],produces=[application/vnd.spring-boot.actuator.v1+json || application/json]}" onto public java.lang.Object org.springframework.boot.actuate.endpoint.mvc.EndpointMvcAdapter.invoke()
2017-03-21 14:39:46 - Mapped "{[/dump || /dump.json],methods=[GET],produces=[application/vnd.spring-boot.actuator.v1+json || application/json]}" onto public java.lang.Object org.springframework.boot.actuate.endpoint.mvc.EndpointMvcAdapter.invoke()
2017-03-21 14:39:46 - Mapped "{[/env],methods=[POST]}" onto public java.lang.Object org.springframework.cloud.context.environment.EnvironmentManagerMvcEndpoint.value(java.util.Map<java.lang.String, java.lang.String>)
2017-03-21 14:39:46 - Mapped "{[/env/reset],methods=[POST]}" onto public java.util.Map<java.lang.String, java.lang.Object> org.springframework.cloud.context.environment.EnvironmentManagerMvcEndpoint.reset()
2017-03-21 14:39:46 - Mapped "{[/features || /features.json],methods=[GET],produces=[application/vnd.spring-boot.actuator.v1+json || application/json]}" onto public java.lang.Object org.springframework.boot.actuate.endpoint.mvc.EndpointMvcAdapter.invoke()
2017-03-21 14:39:46 - Mapped "{[/routes || /routes.json],methods=[POST]}" onto public java.util.Map<java.lang.String, java.lang.String> org.springframework.cloud.netflix.zuul.RoutesEndpoint.reset()
2017-03-21 14:39:46 - Mapped "{[/routes || /routes.json],methods=[GET]}" onto public java.util.Map<java.lang.String, java.lang.String> org.springframework.cloud.netflix.zuul.RoutesEndpoint.getRoutes()
2017-03-21 14:39:46 - Mapped "{[/mappings || /mappings.json],methods=[GET],produces=[application/vnd.spring-boot.actuator.v1+json || application/json]}" onto public java.lang.Object org.springframework.boot.actuate.endpoint.mvc.EndpointMvcAdapter.invoke()
2017-03-21 14:39:46 - Mapped "{[/auditevents || /auditevents.json],methods=[GET],produces=[application/vnd.spring-boot.actuator.v1+json || application/json]}" onto public org.springframework.http.ResponseEntity<?> org.springframework.boot.actuate.endpoint.mvc.AuditEventsMvcEndpoint.findByPrincipalAndAfterAndType(java.lang.String,java.util.Date,java.lang.String)
2017-03-21 14:39:46 - Mapped "{[/actuator || /actuator.json],produces=[text/html]}" onto public java.lang.String org.springframework.boot.actuate.endpoint.mvc.HalBrowserMvcEndpoint.browse(javax.servlet.http.HttpServletRequest)
2017-03-21 14:39:46 - Mapped "{[/actuator || /actuator.json],methods=[GET],produces=[application/vnd.spring-boot.actuator.v1+json || application/json]}" onto public org.springframework.hateoas.ResourceSupport org.springframework.boot.actuate.endpoint.mvc.HalJsonMvcEndpoint.links()
2017-03-21 14:39:46 - Mapped "{[/heapdump || /heapdump.json],methods=[GET],produces=[application/octet-stream]}" onto public void org.springframework.boot.actuate.endpoint.mvc.HeapdumpMvcEndpoint.invoke(boolean,javax.servlet.http.HttpServletRequest,javax.servlet.http.HttpServletResponse) throws java.io.IOException,javax.servlet.ServletException
2017-03-21 14:39:46 - Mapped "{[/restart || /restart.json],methods=[POST]}" onto public java.lang.Object org.springframework.cloud.context.restart.RestartMvcEndpoint.invoke()
2017-03-21 14:39:46 - Mapped "{[/trace || /trace.json],methods=[GET],produces=[application/vnd.spring-boot.actuator.v1+json || application/json]}" onto public java.lang.Object org.springframework.boot.actuate.endpoint.mvc.EndpointMvcAdapter.invoke()
2017-03-21 14:39:46 - Mapped "{[/health || /health.json],methods=[GET],produces=[application/vnd.spring-boot.actuator.v1+json || application/json]}" onto public java.lang.Object org.springframework.boot.actuate.endpoint.mvc.HealthMvcEndpoint.invoke(javax.servlet.http.HttpServletRequest,java.security.Principal)
2017-03-21 14:39:46 - Mapped "{[/refresh || /refresh.json],methods=[POST]}" onto public java.lang.Object org.springframework.cloud.endpoint.GenericPostableMvcEndpoint.invoke()
2017-03-21 14:39:46 - Mapped "{[/jolokia/**]}" onto public org.springframework.web.servlet.ModelAndView org.springframework.boot.actuate.endpoint.mvc.JolokiaMvcEndpoint.handle(javax.servlet.http.HttpServletRequest,javax.servlet.http.HttpServletResponse) throws java.lang.Exception
2017-03-21 14:39:46 - Mapped "{[/info || /info.json],methods=[GET],produces=[application/vnd.spring-boot.actuator.v1+json || application/json]}" onto public java.lang.Object org.springframework.boot.actuate.endpoint.mvc.EndpointMvcAdapter.invoke()
2017-03-21 14:39:46 - Mapped "{[/metrics/{name:.*}],methods=[GET],produces=[application/vnd.spring-boot.actuator.v1+json || application/json]}" onto public java.lang.Object org.springframework.boot.actuate.endpoint.mvc.MetricsMvcEndpoint.value(java.lang.String)
2017-03-21 14:39:46 - Mapped "{[/metrics || /metrics.json],methods=[GET],produces=[application/vnd.spring-boot.actuator.v1+json || application/json]}" onto public java.lang.Object org.springframework.boot.actuate.endpoint.mvc.EndpointMvcAdapter.invoke()
2017-03-21 14:39:46 - Mapped "{[/archaius || /archaius.json],methods=[GET],produces=[application/vnd.spring-boot.actuator.v1+json || application/json]}" onto public java.lang.Object org.springframework.boot.actuate.endpoint.mvc.EndpointMvcAdapter.invoke()
2017-03-21 14:39:46 - Mapped "{[/pause || /pause.json],methods=[POST]}" onto public java.lang.Object org.springframework.cloud.endpoint.GenericPostableMvcEndpoint.invoke()
2017-03-21 14:39:46 - Mapped "{[/env/{name:.*}],methods=[GET],produces=[application/vnd.spring-boot.actuator.v1+json || application/json]}" onto public java.lang.Object org.springframework.boot.actuate.endpoint.mvc.EnvironmentMvcEndpoint.value(java.lang.String)
2017-03-21 14:39:46 - Mapped "{[/env || /env.json],methods=[GET],produces=[application/vnd.spring-boot.actuator.v1+json || application/json]}" onto public java.lang.Object org.springframework.boot.actuate.endpoint.mvc.EndpointMvcAdapter.invoke()
2017-03-21 14:39:46 - Mapped "{[/hystrix.stream/**]}" onto public org.springframework.web.servlet.ModelAndView org.springframework.cloud.netflix.endpoint.ServletWrappingEndpoint.handle(javax.servlet.http.HttpServletRequest,javax.servlet.http.HttpServletResponse) throws java.lang.Exception
2017-03-21 14:39:46 - Mapped "{[/configprops || /configprops.json],methods=[GET],produces=[application/vnd.spring-boot.actuator.v1+json || application/json]}" onto public java.lang.Object org.springframework.boot.actuate.endpoint.mvc.EndpointMvcAdapter.invoke()
2017-03-21 14:39:47 - No URLs will be polled as dynamic configuration sources.
2017-03-21 14:39:47 - To enable URLs as dynamic configuration sources, define System property archaius.configurationSource.additionalUrls or make config.properties available on classpath.
2017-03-21 14:39:47 - Initializing ExecutorService 
2017-03-21 14:39:47 - Registering beans for JMX exposure on startup
2017-03-21 14:39:47 - Bean with name 'zuulEndpoint' has been autodetected for JMX exposure
2017-03-21 14:39:47 - Bean with name 'refreshScope' has been autodetected for JMX exposure
2017-03-21 14:39:47 - Bean with name 'environmentManager' has been autodetected for JMX exposure
2017-03-21 14:39:47 - Bean with name 'configurationPropertiesRebinder' has been autodetected for JMX exposure
2017-03-21 14:39:47 - Bean with name 'refreshEndpoint' has been autodetected for JMX exposure
2017-03-21 14:39:47 - Bean with name 'restartEndpoint' has been autodetected for JMX exposure
2017-03-21 14:39:47 - Located managed bean 'environmentManager': registering with JMX server as MBean [org.springframework.cloud.context.environment:name=environmentManager,type=EnvironmentManager]
2017-03-21 14:39:47 - Located managed bean 'restartEndpoint': registering with JMX server as MBean [org.springframework.cloud.context.restart:name=restartEndpoint,type=RestartEndpoint]
2017-03-21 14:39:47 - Located managed bean 'refreshScope': registering with JMX server as MBean [org.springframework.cloud.context.scope.refresh:name=refreshScope,type=RefreshScope]
2017-03-21 14:39:47 - Located managed bean 'zuulEndpoint': registering with JMX server as MBean [org.springframework.cloud.netflix.zuul:name=zuulEndpoint,type=RoutesEndpoint]
2017-03-21 14:39:48 - Located managed bean 'configurationPropertiesRebinder': registering with JMX server as MBean [org.springframework.cloud.context.properties:name=configurationPropertiesRebinder,context=6d8792db,type=ConfigurationPropertiesRebinder]
2017-03-21 14:39:48 - Located managed bean 'refreshEndpoint': registering with JMX server as MBean [org.springframework.cloud.endpoint:name=refreshEndpoint,type=RefreshEndpoint]
2017-03-21 14:39:48 - The @ConfigurationProperties bean class pl.java.scalatech.sample.generator.GeneratorSetting contains validation constraints but had not been annotated with @Validated.
2017-03-21 14:39:48 - The @ConfigurationProperties bean class pl.java.scalatech.sample.generator.GeneratorSetting contains validation constraints but had not been annotated with @Validated.
2017-03-21 14:39:48 - The @ConfigurationProperties bean class pl.java.scalatech.sample.generator.GeneratorSetting contains validation constraints but had not been annotated with @Validated.
2017-03-21 14:39:48 - The @ConfigurationProperties bean class pl.java.scalatech.sample.generator.GeneratorSetting contains validation constraints but had not been annotated with @Validated.
2017-03-21 14:39:48 - The @ConfigurationProperties bean class pl.java.scalatech.sample.generator.GeneratorSetting contains validation constraints but had not been annotated with @Validated.
2017-03-21 14:39:48 - The @ConfigurationProperties bean class pl.java.scalatech.sample.generator.GeneratorSetting contains validation constraints but had not been annotated with @Validated.
2017-03-21 14:39:48 - jolokia: No access restrictor found, access to any MBean is allowed
2017-03-21 14:39:48 - jolokia: jolokia:type=Config is already registered. Adding it with jolokia:type=Config,uuid=35d3e924-f4ab-43a3-a0b6-de058cefa948, but you should revise your setup in order to either use a qualifier or ensure, that only a single agent gets registered (otherwise history functionality might not work)
2017-03-21 14:39:48 - jolokia: Cannot register (legacy) MBean handler for config store with name jmx4perl:type=Config since it already exists. This is the case if another agent has been already started within the same JVM. The registration is skipped.
2017-03-21 14:39:48 - jolokia: Jolokia Discovery MBean registration is skipped because there is already one registered.
2017-03-21 14:39:48 - Starting beans in phase 0
2017-03-21 14:39:48 - Setting initial instance status as: STARTING
2017-03-21 14:39:48 - Using JSON encoding codec LegacyJacksonJson
2017-03-21 14:39:48 - Using JSON decoding codec LegacyJacksonJson
2017-03-21 14:39:48 - Using XML encoding codec XStreamXml
2017-03-21 14:39:48 - Using XML decoding codec XStreamXml
2017-03-21 14:39:49 - Resolving eureka endpoints via configuration
2017-03-21 14:39:49 - Registering application gateway-server with eureka with status UP
2017-03-21 14:39:49 - Starting beans in phase 2147483647
2017-03-21 14:39:49 - Starting poller
2017-03-21 14:39:49 - Tomcat started on port(s): 9001 (http)
2017-03-21 14:39:49 - Updating port to 9001
2017-03-21 14:39:49 - Failed to register application as Application [id=null, name=gateway-server, managementUrl=http://AMDC3246.digital.local:9001/uaa, healthUrl=http://AMDC3246.digital.local:9001/uaa/health, serviceUrl=http://AMDC3246.digital.local:9001/uaa] at spring-boot-admin ([http://localhost:8040/api/applications]): I/O error on POST request for "http://localhost:8040/api/applications": Connection refused (Connection refused); nested exception is java.net.ConnectException: Connection refused (Connection refused)
2017-03-21 14:39:59 - Failed to register application as Application [id=null, name=gateway-server, managementUrl=http://AMDC3246.digital.local:9001/uaa, healthUrl=http://AMDC3246.digital.local:9001/uaa/health, serviceUrl=http://AMDC3246.digital.local:9001/uaa] at spring-boot-admin ([http://localhost:8040/api/applications]): I/O error on POST request for "http://localhost:8040/api/applications": Connection refused (Connection refused); nested exception is java.net.ConnectException: Connection refused (Connection refused)
2017-03-21 14:40:09 - Failed to register application as Application [id=null, name=gateway-server, managementUrl=http://AMDC3246.digital.local:9001/uaa, healthUrl=http://AMDC3246.digital.local:9001/uaa/health, serviceUrl=http://AMDC3246.digital.local:9001/uaa] at spring-boot-admin ([http://localhost:8040/api/applications]): I/O error on POST request for "http://localhost:8040/api/applications": Connection refused (Connection refused); nested exception is java.net.ConnectException: Connection refused (Connection refused)
2017-03-21 14:40:19 - Failed to register application as Application [id=null, name=gateway-server, managementUrl=http://AMDC3246.digital.local:9001/uaa, healthUrl=http://AMDC3246.digital.local:9001/uaa/health, serviceUrl=http://AMDC3246.digital.local:9001/uaa] at spring-boot-admin ([http://localhost:8040/api/applications]): I/O error on POST request for "http://localhost:8040/api/applications": Connection refused (Connection refused); nested exception is java.net.ConnectException: Connection refused (Connection refused)
2017-03-21 14:40:22 - Closing org.springframework.boot.context.embedded.AnnotationConfigEmbeddedWebApplicationContext@6d8792db: startup date [Tue Mar 21 14:39:24 CET 2017]; parent: org.springframework.context.annotation.AnnotationConfigApplicationContext@41c2284a
2017-03-21 14:40:22 - Unregistering application gateway-server with eureka with status DOWN
2017-03-21 14:40:22 - Stopping beans in phase 2147483647
2017-03-21 14:40:22 - Stopping beans in phase 0
2017-03-21 14:40:22 - Unregistering JMX-exposed beans on shutdown
2017-03-21 14:40:22 - Unregistering JMX-exposed beans
2017-03-21 14:40:22 - Shutting down ExecutorService 'registrationTaskScheduler'
2017-03-21 14:40:22 - Closing JPA EntityManagerFactory for persistence unit 'default'
2017-03-21 14:40:22 - HHH000227: Running hbm2ddl schema export
2017-03-21 14:40:22 - HHH000230: Schema export complete
2017-03-21 14:40:22 - Stopping filter initializer context listener
